2017-01-22 23:12:22,116 Using software SPI
2017-01-22 23:12:22,118 ===START PiLN Firing Daemon===
2017-01-22 23:12:22,118 Polling for 'Started' firing profiles...
2017-01-22 23:12:22,163 Run ID 1 is active - starting firing profile
2017-01-22 23:12:22,163 Update profile 1 start time to 2017-01-22 23:12:22
2017-01-22 23:12:22,189 Get segments for run ID 1
2017-01-22 23:12:36,932 Using software SPI
2017-01-22 23:12:36,934 ===START PiLN Firing Daemon===
2017-01-22 23:12:36,935 Polling for 'Started' firing profiles...
2017-01-22 23:12:36,979 Run ID 1 is active - starting firing profile
2017-01-22 23:12:36,979 Update profile 1 start time to 2017-01-22 23:12:36
2017-01-22 23:12:37,005 Get segments for run ID 1
2017-01-22 23:12:37,007 Run ID 1, segment 1 parameters: Target Temp: 110, Rate: 200, Hold Minutes: 5, Interval Seconds: 10
2017-01-22 23:12:50,414 Using software SPI
2017-01-22 23:12:50,416 ===START PiLN Firing Daemon===
2017-01-22 23:12:50,417 Polling for 'Started' firing profiles...
2017-01-22 23:12:50,461 Run ID 1 is active - starting firing profile
2017-01-22 23:12:50,461 Update profile 1 start time to 2017-01-22 23:12:50
2017-01-22 23:12:50,496 Get segments for run ID 1
2017-01-22 23:12:50,497 Run ID 1, segment 1 parameters: Target Temp: 110, Rate: 200, Hold Minutes: 5, Interval Seconds: 10
2017-01-22 23:12:50,534 Raw value: 0x02741750
2017-01-22 23:12:50,534 Raw value: 0x02741750
